Arguments: 
  /home/ced/.nvm/versions/node/v9.11.1/bin/node /home/ced/.nvm/versions/node/v9.11.1/bin/yarn publish

PATH: 
  /home/ced/.nvm/versions/node/v9.11.1/bin:/home/ced/.rbenv/shims:/home/ced/.rbenv/bin:/usr/local/sbin:/usr/local/bin:/usr/bin:/var/lib/flatpak/exports/bin:/usr/lib/jvm/default/bin:/usr/bin/site_perl:/usr/bin/vendor_perl:/usr/bin/core_perl:/home/ced/.yarn/bin

Yarn version: 
  1.15.2

Node version: 
  9.11.1

Platform: 
  linux x64

Trace: 
  Error: canceled
      at Interface.<anonymous> (/home/ced/.nvm/versions/node/v9.11.1/lib/node_modules/yarn/lib/cli.js:125801:13)
      at Interface.emit (events.js:180:13)
      at Interface._ttyWrite (readline.js:783:16)
      at ReadStream.onkeypress (readline.js:163:10)
      at ReadStream.emit (events.js:180:13)
      at emitKeys (internal/readline.js:422:14)
      at emitKeys.next (<anonymous>)
      at ReadStream.onData (readline.js:1019:36)
      at ReadStream.emit (events.js:180:13)
      at addChunk (_stream_readable.js:274:12)

npm manifest: 
  {
    "name": "lit-jsonapi-tools",
    "version": "1.0.0",
    "main": "index.js",
    "license": "MIT",
    "dependencies": {
      "lit-element": "^2.1.0"
    }
  }

yarn manifest: 
  No manifest

Lockfile: 
  # THIS IS AN AUTOGENERATED FILE. DO NOT EDIT THIS FILE DIRECTLY.
  # yarn lockfile v1
  
  
  lit-element@^2.1.0:
    version "2.1.0"
    resolved "https://registry.yarnpkg.com/lit-element/-/lit-element-2.1.0.tgz#85bc3f1da0227f4b13de8a1be978229b9fa327e9"
    integrity sha512-0z/KHm1xZweivfOVRr8AKR06+D3k02u15m9s4jkuRdnGe5wfmEwePzrQQBsSZNILdnfJvfo3TJOeGhBCVZaPbw==
    dependencies:
      lit-html "^1.0.0"
  
  lit-html@^1.0.0:
    version "1.0.0"
    resolved "https://registry.yarnpkg.com/lit-html/-/lit-html-1.0.0.tgz#3dc3781a8ca68a9b5c2ff2a61e263662b9b2267b"
    integrity sha512-oeWlpLmBW3gFl7979Wol2LKITpmKTUFNn7PnFbh6YNynF61W74l6x5WhwItAwPRSATpexaX1egNnRzlN4GOtfQ==
